<?xml version="1.0" encoding="UTF-8"?>
<!-- Generated by org.testng.reporters.JUnitReportReporter -->
<testsuite hostname="DESKTOP-JDIV0GS" failures="0" tests="1" name="com.TestAutomationPractice.testCases.TC_002__DashboardLogoutTest" time="4.246" errors="0" timestamp="2024-04-22T22:48:18 IST" skipped="0">
  <testcase classname="com.TestAutomationPractice.testCases.TC_002__DashboardLogoutTest" name="orangeHrmLogoutTest" time="4.246"/>
</testsuite> <!-- com.TestAutomationPractice.testCases.TC_002__DashboardLogoutTest -->
