<?xml version="1.0" encoding="UTF-8"?>
<!-- Generated by org.testng.reporters.JUnitReportReporter -->
<testsuite hostname="DESKTOP-JDIV0GS" failures="0" tests="1" name="com.TestAutomationPractice.testCases.TC_001_OrangeHrm_LoginPage" time="1.968" errors="0" timestamp="2024-04-22T11:10:27 IST" skipped="0">
  <testcase classname="com.TestAutomationPractice.testCases.TC_001_OrangeHrm_LoginPage" name="OrangeHrm_LoginTest" time="1.968"/>
</testsuite> <!-- com.TestAutomationPractice.testCases.TC_001_OrangeHrm_LoginPage -->
