<?xml version="1.0" encoding="UTF-8"?>
<!-- Generated by org.testng.reporters.JUnitReportReporter -->
<testsuite hostname="DESKTOP-JDIV0GS" failures="0" tests="1" name="com.TestAutomationPractice.testCases.TC_002_LogoutTest" time="2.754" errors="0" timestamp="2024-04-21T17:37:57 IST" skipped="0">
  <testcase classname="com.TestAutomationPractice.testCases.TC_002_LogoutTest" name="testLogout" time="2.754"/>
</testsuite> <!-- com.TestAutomationPractice.testCases.TC_002_LogoutTest -->
