<?xml version="1.0" encoding="UTF-8"?>
<!-- Generated by org.testng.reporters.JUnitReportReporter -->
<testsuite hostname="DESKTOP-JDIV0GS" failures="0" tests="1" name="com.TestAutomationPractice.testCases.TC_001_RahulShettyAutomationPracticeTest" time="2.801" errors="0" timestamp="2024-05-12T13:00:47 IST" skipped="0">
  <testcase classname="com.TestAutomationPractice.testCases.TC_001_RahulShettyAutomationPracticeTest" name="onePageAllTesting" time="2.801"/>
  <system-out/>
</testsuite> <!-- com.TestAutomationPractice.testCases.TC_001_RahulShettyAutomationPracticeTest -->
